2021-11-15 11:14:58,031 [INFO] from play.api.http.EnabledFilters in play-dev-mode-akka.actor.default-dispatcher-2 - Enabled Filters (see <https://www.playframework.com/documentation/latest/Filters>):

    play.filters.csrf.CSRFFilter
    play.filters.headers.SecurityHeadersFilter
    play.filters.hosts.AllowedHostsFilter

2021-11-15 11:14:58,071 [INFO] from play.api.Play in play-dev-mode-akka.actor.default-dispatcher-2 - Application started (Dev) (no global state)
2021-11-15 11:51:20,572 [INFO] from play.api.http.EnabledFilters in play-dev-mode-akka.actor.default-dispatcher-38 - Enabled Filters (see <https://www.playframework.com/documentation/latest/Filters>):

    play.filters.csrf.CSRFFilter
    play.filters.headers.SecurityHeadersFilter
    play.filters.hosts.AllowedHostsFilter

2021-11-15 11:51:20,588 [INFO] from play.api.Play in play-dev-mode-akka.actor.default-dispatcher-38 - Application started (Dev) (no global state)
2021-11-15 11:51:43,071 [INFO] from play.api.http.EnabledFilters in play-dev-mode-akka.actor.default-dispatcher-37 - Enabled Filters (see <https://www.playframework.com/documentation/latest/Filters>):

    play.filters.csrf.CSRFFilter
    play.filters.headers.SecurityHeadersFilter
    play.filters.hosts.AllowedHostsFilter

2021-11-15 11:51:43,075 [INFO] from play.api.Play in play-dev-mode-akka.actor.default-dispatcher-37 - Application started (Dev) (no global state)
2021-11-15 11:52:08,830 [INFO] from play.api.http.EnabledFilters in play-dev-mode-akka.actor.default-dispatcher-36 - Enabled Filters (see <https://www.playframework.com/documentation/latest/Filters>):

    play.filters.csrf.CSRFFilter
    play.filters.headers.SecurityHeadersFilter
    play.filters.hosts.AllowedHostsFilter

2021-11-15 11:52:08,834 [INFO] from play.api.Play in play-dev-mode-akka.actor.default-dispatcher-36 - Application started (Dev) (no global state)
2021-11-15 11:52:40,642 [INFO] from play.api.http.EnabledFilters in play-dev-mode-akka.actor.default-dispatcher-40 - Enabled Filters (see <https://www.playframework.com/documentation/latest/Filters>):

    play.filters.csrf.CSRFFilter
    play.filters.headers.SecurityHeadersFilter
    play.filters.hosts.AllowedHostsFilter

2021-11-15 11:52:40,646 [INFO] from play.api.Play in play-dev-mode-akka.actor.default-dispatcher-40 - Application started (Dev) (no global state)
2021-11-15 11:52:53,084 [INFO] from play.api.http.EnabledFilters in play-dev-mode-akka.actor.default-dispatcher-41 - Enabled Filters (see <https://www.playframework.com/documentation/latest/Filters>):

    play.filters.csrf.CSRFFilter
    play.filters.headers.SecurityHeadersFilter
    play.filters.hosts.AllowedHostsFilter

2021-11-15 11:52:53,089 [INFO] from play.api.Play in play-dev-mode-akka.actor.default-dispatcher-41 - Application started (Dev) (no global state)
2021-11-15 12:03:20,305 [INFO] from play.api.http.EnabledFilters in play-dev-mode-akka.actor.default-dispatcher-56 - Enabled Filters (see <https://www.playframework.com/documentation/latest/Filters>):

    play.filters.csrf.CSRFFilter
    play.filters.headers.SecurityHeadersFilter
    play.filters.hosts.AllowedHostsFilter

2021-11-15 12:03:20,308 [INFO] from play.api.Play in play-dev-mode-akka.actor.default-dispatcher-56 - Application started (Dev) (no global state)
2021-11-15 12:03:57,003 [INFO] from play.api.http.EnabledFilters in play-dev-mode-akka.actor.default-dispatcher-56 - Enabled Filters (see <https://www.playframework.com/documentation/latest/Filters>):

    play.filters.csrf.CSRFFilter
    play.filters.headers.SecurityHeadersFilter
    play.filters.hosts.AllowedHostsFilter

2021-11-15 12:03:57,006 [INFO] from play.api.Play in play-dev-mode-akka.actor.default-dispatcher-56 - Application started (Dev) (no global state)
2021-11-15 12:04:39,896 [INFO] from play.api.http.EnabledFilters in play-dev-mode-akka.actor.default-dispatcher-54 - Enabled Filters (see <https://www.playframework.com/documentation/latest/Filters>):

    play.filters.csrf.CSRFFilter
    play.filters.headers.SecurityHeadersFilter
    play.filters.hosts.AllowedHostsFilter

2021-11-15 12:04:39,899 [INFO] from play.api.Play in play-dev-mode-akka.actor.default-dispatcher-54 - Application started (Dev) (no global state)
2021-11-15 12:11:28,212 [INFO] from play.api.http.EnabledFilters in play-dev-mode-akka.actor.default-dispatcher-59 - Enabled Filters (see <https://www.playframework.com/documentation/latest/Filters>):

    play.filters.csrf.CSRFFilter
    play.filters.headers.SecurityHeadersFilter
    play.filters.hosts.AllowedHostsFilter

2021-11-15 12:11:28,215 [INFO] from play.api.Play in play-dev-mode-akka.actor.default-dispatcher-59 - Application started (Dev) (no global state)
2021-11-15 12:13:30,347 [INFO] from play.api.http.EnabledFilters in play-dev-mode-akka.actor.default-dispatcher-65 - Enabled Filters (see <https://www.playframework.com/documentation/latest/Filters>):

    play.filters.csrf.CSRFFilter
    play.filters.headers.SecurityHeadersFilter
    play.filters.hosts.AllowedHostsFilter

2021-11-15 12:13:30,351 [INFO] from play.api.Play in play-dev-mode-akka.actor.default-dispatcher-65 - Application started (Dev) (no global state)
2021-11-15 12:15:03,290 [INFO] from play.api.http.EnabledFilters in play-dev-mode-akka.actor.default-dispatcher-68 - Enabled Filters (see <https://www.playframework.com/documentation/latest/Filters>):

    play.filters.csrf.CSRFFilter
    play.filters.headers.SecurityHeadersFilter
    play.filters.hosts.AllowedHostsFilter

2021-11-15 12:15:03,293 [INFO] from play.api.Play in play-dev-mode-akka.actor.default-dispatcher-68 - Application started (Dev) (no global state)
2021-11-15 12:16:42,303 [INFO] from play.api.http.EnabledFilters in play-dev-mode-akka.actor.default-dispatcher-73 - Enabled Filters (see <https://www.playframework.com/documentation/latest/Filters>):

    play.filters.csrf.CSRFFilter
    play.filters.headers.SecurityHeadersFilter
    play.filters.hosts.AllowedHostsFilter

2021-11-15 12:16:42,309 [INFO] from play.api.Play in play-dev-mode-akka.actor.default-dispatcher-73 - Application started (Dev) (no global state)
